<?xml version="1.0" encoding="UTF-8"?>
<!-- Generated by org.testng.reporters.JUnitReportReporter -->
<testsuite hostname="WIN-04A4IF08OBE" name="comdemo.Hello" tests="1" failures="0" timestamp="6 Sep 2017 12:23:38 GMT" time="23.096" errors="0">
  <testcase name="test001" time="23.096" classname="comdemo.Hello"/>
</testsuite> <!-- comdemo.Hello -->
